INFO: latexindent version 3.8.1, 2020-05-05, a script to indent .tex files
      latexindent lives here: /usr/share/texmf-dist/scripts/latexindent/
      Tue Nov 10 01:45:28 2020
      Filename: /home/los-kotyara/PROJECTS/Отчёт по практике; 3й курс/modules/__latexindent_temp.tex
INFO: Processing switches:
      -y|--yaml: YAML settings specified via command line
      -c|--cruft: cruft directory
INFO: Directory for backup files and /home/los-kotyara/PROJECTS/Отчёт по практике; 3й курс//indent.log: /home/los-kotyara/PROJECTS/Отчёт по практике; 3й курс/
INFO: YAML settings read: defaultSettings.yaml
      Reading defaultSettings.yaml from /usr/share/texmf-dist/scripts/latexindent/defaultSettings.yaml
INFO: YAML settings read: indentconfig.yaml or .indentconfig.yaml
      Home directory is /home/los-kotyara (didn't find either indentconfig.yaml or .indentconfig.yaml)
      To specify user settings you would put indentconfig.yaml here: /home/los-kotyara/indentconfig.yaml
      Alternatively, you can use the hidden file .indentconfig.yaml as: /home/los-kotyara/.indentconfig.yaml
INFO: YAML settings read: -y switch
      Updating masterSettings with defaultIndent:   
INFO: Phase 1: searching for objects
INFO: Phase 2: finding surrounding indentation
INFO: Phase 3: indenting objects
INFO: Phase 4: final indentation check
INFO: Output routine:
      Not outputting to file; see -w and -o switches for more options.
      --------------
INFO: Please direct all communication/issues to:
      https://github.com/cmhughes/latexindent.pl
